  Window.cpp
c:\users\mathias\documents\github\project ilo\project ilo\window.h(21): warning C4244: 'initializing': conversion from 'Uint32' to 'float', possible loss of data
c:\users\mathias\documents\github\project ilo\project ilo\window.cpp(34): warning C4552: '-': operator has no effect; expected operator with side-effect
c:\users\mathias\documents\github\project ilo\project ilo\window.cpp(214): warning C4244: 'initializing': conversion from 'Uint32' to 'float', possible loss of data
c:\program files (x86)\microsoft visual studio 14.0\vc\include\thr\xthread(240): error C2672: 'std::invoke': no matching overloaded function found
  c:\program files (x86)\microsoft visual studio 14.0\vc\include\thr\xthread(249): note: see reference to function template instantiation 'void std::_LaunchPad<_Target>::_Execute<0>(std::tuple<const char *> &,std::integer_sequence<std::_Ty,0>)' being compiled
          with
          [
              _Target=std::unique_ptr<std::tuple<const char *>,std::default_delete<std::tuple<const char *>>>,
              _Ty=std::size_t
          ]
  c:\program files (x86)\microsoft visual studio 14.0\vc\include\thr\xthread(247): note: see reference to function template instantiation 'void std::_LaunchPad<_Target>::_Execute<0>(std::tuple<const char *> &,std::integer_sequence<std::_Ty,0>)' being compiled
          with
          [
              _Target=std::unique_ptr<std::tuple<const char *>,std::default_delete<std::tuple<const char *>>>,
              _Ty=std::size_t
          ]
  c:\program files (x86)\microsoft visual studio 14.0\vc\include\thr\xthread(244): note: while compiling class template member function 'void std::_LaunchPad<_Target>::_Run(std::_LaunchPad<_Target> *) noexcept'
          with
          [
              _Target=std::unique_ptr<std::tuple<const char *>,std::default_delete<std::tuple<const char *>>>
          ]
  c:\program files (x86)\microsoft visual studio 14.0\vc\include\thr\xthread(232): note: see reference to function template instantiation 'void std::_LaunchPad<_Target>::_Run(std::_LaunchPad<_Target> *) noexcept' being compiled
          with
          [
              _Target=std::unique_ptr<std::tuple<const char *>,std::default_delete<std::tuple<const char *>>>
          ]
  c:\program files (x86)\microsoft visual studio 14.0\vc\include\thr\xthread(259): note: see reference to class template instantiation 'std::_LaunchPad<_Target>' being compiled
          with
          [
              _Target=std::unique_ptr<std::tuple<const char *>,std::default_delete<std::tuple<const char *>>>
          ]
  c:\program files (x86)\microsoft visual studio 14.0\vc\include\thread(50): note: see reference to function template instantiation 'void std::_Launch<std::unique_ptr<std::tuple<const char *>,std::default_delete<_Ty>>>(_Thrd_t *,_Target &&)' being compiled
          with
          [
              _Ty=std::tuple<const char *>,
              _Target=std::unique_ptr<std::tuple<const char *>,std::default_delete<std::tuple<const char *>>>
          ]
  c:\users\mathias\documents\github\project ilo\project ilo\window.cpp(62): note: see reference to function template instantiation 'std::thread::thread<const char(&)[19],,void>(_Fn)' being compiled
          with
          [
              _Fn=const char (&)[19]
          ]
c:\program files (x86)\microsoft visual studio 14.0\vc\include\thr\xthread(240): error C2893: Failed to specialize function template 'unknown-type std::invoke(_Callable &&,_Types &&...)'
  c:\program files (x86)\microsoft visual studio 14.0\vc\include\thr\xthread(240): note: With the following template arguments:
  c:\program files (x86)\microsoft visual studio 14.0\vc\include\thr\xthread(240): note: '_Callable=const char *'
  c:\program files (x86)\microsoft visual studio 14.0\vc\include\thr\xthread(240): note: '_Types={}'
