  Camera.cpp
  Light.cpp
  Player.cpp
Player.cpp(71): warning C4018: '<': signed/unsigned mismatch
Player.cpp(72): warning C4018: '<': signed/unsigned mismatch
  Shader.cpp
  ShaderProgram.cpp
  Window.cpp
c:\users\mathias\documents\github\project ilo\project ilo\Window.h(21): warning C4244: 'initializing': conversion from 'Uint32' to 'float', possible loss of data
Window.cpp(34): warning C4552: '-': operator has no effect; expected operator with side-effect
Window.cpp(202): warning C4018: '<': signed/unsigned mismatch
Window.cpp(215): warning C4244: 'initializing': conversion from 'Uint32' to 'float', possible loss of data
  main.cpp
c:\users\mathias\documents\github\project ilo\project ilo\Window.h(21): warning C4244: 'initializing': conversion from 'Uint32' to 'float', possible loss of data
  objLoader.cpp
objLoader.cpp(27): warning C4018: '<': signed/unsigned mismatch
  tiny_obj_loader.cc
  glad.c
  Generating code
  2675 of 2682 functions (99.7%) were compiled, the rest were copied from previous compilation.
    1 functions were new in current compilation
    0 functions had inline decision re-evaluated but remain unchanged
  Finished generating code
  Project Ilo.vcxproj -> C:\Users\Mathias\Documents\GitHub\Project Ilo\Project Ilo\Release\Project Ilo.exe
  Project Ilo.vcxproj -> C:\Users\Mathias\Documents\GitHub\Project Ilo\Project Ilo\Release\Project Ilo.pdb (Full PDB)
